<?xml version="1.0" encoding="UTF-8"?>
<!-- Generated by org.testng.reporters.JUnitReportReporter -->
<testsuite name="com.test.automation.homepage.verifyEnetoEndFunctionality" tests="1" time="41.104" ignored="0" failures="0" timestamp="06 Feb 2021 19:28:32 GMT" skipped="0" hostname="BLRWX11729" errors="0">
  <testcase name="verifyEnetoEndFunctionality" time="41.104" classname="com.test.automation.homepage.verifyEnetoEndFunctionality"/>
</testsuite> <!-- com.test.automation.homepage.verifyEnetoEndFunctionality -->
